#
# There is insufficient memory for the Java Runtime Environment to continue.
# Native memory allocation (malloc) failed to allocate 1048576 bytes for AllocateHeap
# Possible reasons:
#   The system is out of physical RAM or swap space
#   In 32 bit mode, the process size limit was hit
# Possible solutions:
#   Reduce memory load on the system
#   Increase physical memory or swap space
#   Check if swap backing store is full
#   Use 64 bit Java on a 64 bit OS
#   Decrease Java heap size (-Xmx/-Xms)
#   Decrease number of Java threads
#   Decrease Java thread stack sizes (-Xss)
#   Set larger code cache with -XX:ReservedCodeCacheSize=
# This output file may be truncated or incomplete.
#
#  Out of Memory Error (memory/allocation.inline.hpp:61), pid=752, tid=0x0000000000003914
#
# JRE version:  (8.0) (build )
# Java VM: OpenJDK 64-Bit Server VM (25.71-b00 mixed mode windows-amd64 compressed oops)
# Failed to write core dump. Minidumps are not enabled by default on client versions of Windows
#

---------------  T H R E A D  ---------------

Current thread (0x0000000002be2800):  JavaThread "Unknown thread" [_thread_in_vm, id=14612, stack(0x0000000002ae0000,0x0000000002be0000)]

Stack: [0x0000000002ae0000,0x0000000002be0000]
[error occurred during error reporting (printing stack bounds), id 0xc0000005]

Native frames: (J=compiled Java code, j=interpreted, Vv=VM code, C=native code)


---------------  P R O C E S S  ---------------

Java Threads: ( => current thread )

Other Threads:

=>0x0000000002be2800 (exited) JavaThread "Unknown thread" [_thread_in_vm, id=14612, stack(0x0000000002ae0000,0x0000000002be0000)]

VM state:not at safepoint (normal execution)

VM Mutex/Monitor currently owned by a thread: None

Heap:
 PSYoungGen      total 75776K, used 1300K [0x000000076b780000, 0x0000000770c00000, 0x00000007c0000000)
  eden space 65024K, 2% used [0x000000076b780000,0x000000076b8c51f8,0x000000076f700000)
  from space 10752K, 0% used [0x0000000770180000,0x0000000770180000,0x0000000770c00000)
  to   space 10752K, 0% used [0x000000076f700000,0x000000076f700000,0x0000000770180000)
 ParOldGen       total 173568K, used 0K [0x00000006c2600000, 0x00000006ccf80000, 0x000000076b780000)
  object space 173568K, 0% used [0x00000006c2600000,0x00000006c2600000,0x00000006ccf80000)
 Metaspace       used 777K, capacity 4480K, committed 4480K, reserved 1056768K
  class space    used 74K, capacity 384K, committed 384K, reserved 1048576K

Card table byte_map: [0x00000000120a0000,0x0000000012890000] byte_map_base: 0x000000000ea8d000

Marking Bits: (ParMarkBitMap*) 0x0000000061e3be50
 Begin Bits: [0x00000000137e0000, 0x0000000017748000)
 End Bits:   [0x0000000017748000, 0x000000001b6b0000)

Polling page: 0x0000000000e80000

CodeCache: size=245760Kb used=328Kb max_used=328Kb free=245431Kb
 bounds [0x0000000002ce0000, 0x0000000002f50000, 0x0000000011ce0000]
 total_blobs=57 nmethods=0 adapters=38
 compilation: enabled

Compilation events (0 events):
No events

GC Heap History (0 events):
No events

Deoptimization events (0 events):
No events

Classes redefined (0 events):
No events

Internal exceptions (0 events):
No events

Events (10 events):
Event: 0.017 loading class java/lang/Short
Event: 0.017 loading class java/lang/Short done
Event: 0.017 loading class java/lang/Integer
Event: 0.017 loading class java/lang/Integer done
Event: 0.017 loading class java/lang/Long
Event: 0.017 loading class java/lang/Long done
Event: 0.018 loading class java/lang/NullPointerException
Event: 0.018 loading class java/lang/NullPointerException done
Event: 0.018 loading class java/lang/ArithmeticException
Event: 0.018 loading class java/lang/ArithmeticException done


Dynamic libraries:
0x00007ff7ba0e0000 - 0x00007ff7ba115000 	C:\Program Files\Unity\Hub\Editor\2020.3.23f1\Editor\Data\PlaybackEngines\AndroidPlayer\OpenJDK\bin\java.exe
0x00007ff805410000 - 0x00007ff805605000 	C:\WINDOWS\SYSTEM32\ntdll.dll
0x00007ff804850000 - 0x00007ff80490e000 	C:\WINDOWS\System32\KERNEL32.DLL
0x00007ff802f20000 - 0x00007ff8031e8000 	C:\WINDOWS\System32\KERNELBASE.dll
0x00007ff804fb0000 - 0x00007ff80505c000 	C:\WINDOWS\System32\ADVAPI32.dll
0x00007ff804300000 - 0x00007ff80439e000 	C:\WINDOWS\System32\msvcrt.dll
0x00007ff803460000 - 0x00007ff8034fb000 	C:\WINDOWS\System32\sechost.dll
0x00007ff8041d0000 - 0x00007ff8042fa000 	C:\WINDOWS\System32\RPCRT4.dll
0x00007ff8043a0000 - 0x00007ff804541000 	C:\WINDOWS\System32\USER32.dll
0x00007ff802b60000 - 0x00007ff802b82000 	C:\WINDOWS\System32\win32u.dll
0x00007ff8046d0000 - 0x00007ff8046fb000 	C:\WINDOWS\System32\GDI32.dll
0x00007ff803350000 - 0x00007ff80345b000 	C:\WINDOWS\System32\gdi32full.dll
0x00007ff802ce0000 - 0x00007ff802d7d000 	C:\WINDOWS\System32\msvcp_win.dll
0x00007ff802b90000 - 0x00007ff802c90000 	C:\WINDOWS\System32\ucrtbase.dll
0x00007fffeb2c0000 - 0x00007fffeb55a000 	C:\WINDOWS\WinSxS\amd64_microsoft.windows.common-controls_6595b64144ccf1df_6.0.19041.1110_none_60b5254171f9507e\COMCTL32.dll
0x00007ff803fb0000 - 0x00007ff803fe0000 	C:\WINDOWS\System32\IMM32.DLL
0x0000000062660000 - 0x0000000062732000 	C:\Program Files\Unity\Hub\Editor\2020.3.23f1\Editor\Data\PlaybackEngines\AndroidPlayer\OpenJDK\jre\bin\msvcr100.dll
0x0000000061670000 - 0x0000000061eb9000 	C:\Program Files\Unity\Hub\Editor\2020.3.23f1\Editor\Data\PlaybackEngines\AndroidPlayer\OpenJDK\jre\bin\server\jvm.dll
0x00007ff805060000 - 0x00007ff805068000 	C:\WINDOWS\System32\PSAPI.DLL
0x00007ffff0640000 - 0x00007ffff0649000 	C:\WINDOWS\SYSTEM32\WSOCK32.dll
0x00007fffee850000 - 0x00007fffee877000 	C:\WINDOWS\SYSTEM32\WINMM.dll
0x00007ffffb990000 - 0x00007ffffb99a000 	C:\WINDOWS\SYSTEM32\VERSION.dll
0x00007ff804f40000 - 0x00007ff804fab000 	C:\WINDOWS\System32\WS2_32.dll
0x00007ffff0310000 - 0x00007ffff031f000 	C:\Program Files\Unity\Hub\Editor\2020.3.23f1\Editor\Data\PlaybackEngines\AndroidPlayer\OpenJDK\jre\bin\verify.dll
0x00007fffce8d0000 - 0x00007fffce8f9000 	C:\Program Files\Unity\Hub\Editor\2020.3.23f1\Editor\Data\PlaybackEngines\AndroidPlayer\OpenJDK\jre\bin\java.dll
0x00007fffd2980000 - 0x00007fffd2996000 	C:\Program Files\Unity\Hub\Editor\2020.3.23f1\Editor\Data\PlaybackEngines\AndroidPlayer\OpenJDK\jre\bin\zip.dll

VM Arguments:
jvm_args: -Dfile.encoding=UTF-8 
java_command: <unknown>
java_class_path (initial): .
Launcher Type: SUN_STANDARD

Environment Variables:
JAVA_HOME=C:\Program Files\Unity\Hub\Editor\2020.3.23f1\Editor\Data\PlaybackEngines\AndroidPlayer\OpenJDK
JAVA_TOOL_OPTIONS=-Dfile.encoding=UTF-8
PATH=C:\WINDOWS\system32;C:\WINDOWS;C:\WINDOWS\System32\Wbem;C:\WINDOWS\System32\WindowsPowerShell\v1.0\;C:\WINDOWS\System32\OpenSSH\;C:\Program Files\dotnet\;C:\Program Files\Git\cmd;C:\Program Files\Git\mingw64\libexec\git-core;C:\Program Files\PuTTY\;C:\Users\MSI\AppData\Local\Microsoft\WindowsApps;;C:\Users\MSI\AppData\Local\Programs\Microsoft VS Code\bin;C:\Program Files\Bandizip\;C:\Users\MSI\.dotnet\tools
USERNAME=MSI
OS=Windows_NT
PROCESSOR_IDENTIFIER=Intel64 Family 6 Model 158 Stepping 10, GenuineIntel



---------------  S Y S T E M  ---------------

OS: Windows 10.0 , 64 bit Build 19041 (10.0.19041.1348)

CPU:total 12 (initial active 12) (6 cores per cpu, 2 threads per core) family 6 model 158 stepping 10, cmov, cx8, fxsr, mmx, sse, sse2, sse3, ssse3, sse4.1, sse4.2, popcnt, avx, avx2, aes, clmul, erms, 3dnowpref, lzcnt, ht, tsc, tscinvbit, bmi1, bmi2, adx

Memory: 4k page, physical 16615328k(1820708k free), swap 16615328k(5672k free)

vm_info: OpenJDK 64-Bit Server VM (25.71-b00) for windows-amd64 JRE (1.8.0-adoptopenjdk-_2018_05_19_00_59-b00), built on May 19 2018 01:02:12 by "jenkins" with MS VC++ 10.0 (VS2010)

time: Sat Nov 27 00:52:21 2021
elapsed time: 0 seconds (0d 0h 0m 0s)

